<?xml version="1.0" encoding="UTF-8"?>
<!-- Generated by org.testng.reporters.JUnitReportReporter -->
<testsuite hostname="LAPTOP-QH8NFJ6B" failures="0" tests="4" name="HybridApproach.PassingMultiDimensionalArraytoFBook" time="25.108" errors="0" timestamp="2025-08-10T12:00:05 IST" skipped="0">
  <testcase classname="HybridApproach.PassingMultiDimensionalArraytoFBook" name="login" time="5.601"/>
  <testcase classname="HybridApproach.PassingMultiDimensionalArraytoFBook" name="login" time="7.400"/>
  <testcase classname="HybridApproach.PassingMultiDimensionalArraytoFBook" name="login" time="6.669"/>
  <testcase classname="HybridApproach.PassingMultiDimensionalArraytoFBook" name="login" time="5.438"/>
</testsuite> <!-- HybridApproach.PassingMultiDimensionalArraytoFBook -->
