<?xml version="1.0" encoding="UTF-8"?>
<!-- Generated by org.testng.reporters.JUnitReportReporter -->
<testsuite hostname="LAPTOP-QH8NFJ6B" failures="0" tests="2" name="PracticeTestNGScripts.ScriptForTestNGTwoScripts" time="0.009" errors="0" timestamp="2025-08-02T11:07:31 IST" skipped="0">
  <testcase classname="PracticeTestNGScripts.ScriptForTestNGTwoScripts" name="t1" time="0.008">
    <system-out>
      <![CDATA[Shobith's first test1]]>
    </system-out>
  </testcase> <!-- t1 -->
  <testcase classname="PracticeTestNGScripts.ScriptForTestNGTwoScripts" name="t2" time="0.001">
    <system-out>
      <![CDATA[Shobith's second test2]]>
    </system-out>
  </testcase> <!-- t2 -->
  <system-out>
    <![CDATA[Shobhith's Test1
Shobhith's Test2
Shobhith's Test3
Shobith's first test1
Shobith's second test2
Hello World..!]]>
  </system-out>
</testsuite> <!-- PracticeTestNGScripts.ScriptForTestNGTwoScripts -->
