<?xml version="1.0" encoding="UTF-8"?>
<!-- Generated by org.testng.reporters.JUnitReportReporter -->
<testsuite hostname="LAPTOP-QH8NFJ6B" failures="0" tests="4" name="HybridApproach.PassValueToFbook" time="29.660" errors="0" timestamp="2025-08-10T11:45:23 IST" skipped="0">
  <testcase classname="HybridApproach.PassValueToFbook" name="login" time="7.885"/>
  <testcase classname="HybridApproach.PassValueToFbook" name="login" time="7.268"/>
  <testcase classname="HybridApproach.PassValueToFbook" name="login" time="8.051"/>
  <testcase classname="HybridApproach.PassValueToFbook" name="login" time="6.456"/>
</testsuite> <!-- HybridApproach.PassValueToFbook -->
