<?xml version="1.0" encoding="UTF-8"?>
<!-- Generated by org.testng.reporters.JUnitReportReporter -->
<testsuite hostname="LAPTOP-QH8NFJ6B" failures="0" tests="5" name="PracticeTestNGScripts.ScriptForEnabled" time="0.010" errors="0" timestamp="2025-08-03T10:44:04 IST" skipped="3">
  <testcase classname="PracticeTestNGScripts.ScriptForEnabled" name="signUp" time="0.001"/>
  <testcase classname="PracticeTestNGScripts.ScriptForEnabled" name="login" time="0.009"/>
  <testcase classname="PracticeTestNGScripts.ScriptForEnabled" name="homePage">
    <skipped/>
  </testcase> <!-- homePage -->
  <testcase classname="PracticeTestNGScripts.ScriptForEnabled" name="logout">
    <skipped/>
  </testcase> <!-- logout -->
  <testcase classname="PracticeTestNGScripts.ScriptForEnabled" name="profilePage">
    <skipped/>
  </testcase> <!-- profilePage -->
</testsuite> <!-- PracticeTestNGScripts.ScriptForEnabled -->
