<?xml version="1.0" encoding="UTF-8"?>
<!-- Generated by org.testng.reporters.JUnitReportReporter -->
<testsuite hostname="LAPTOP-QH8NFJ6B" failures="0" tests="3" name="PracticeTestNGScripts.TestNGMultipleScripts" time="0.016" errors="0" timestamp="2025-08-02T11:07:31 IST" skipped="0">
  <testcase classname="PracticeTestNGScripts.TestNGMultipleScripts" name="t1" time="0.011">
    <system-out>
      <![CDATA[Shobhith's Test1]]>
    </system-out>
  </testcase> <!-- t1 -->
  <testcase classname="PracticeTestNGScripts.TestNGMultipleScripts" name="t3" time="0.003">
    <system-out>
      <![CDATA[Shobhith's Test3]]>
    </system-out>
  </testcase> <!-- t3 -->
  <testcase classname="PracticeTestNGScripts.TestNGMultipleScripts" name="t2" time="0.002">
    <system-out>
      <![CDATA[Shobhith's Test2]]>
    </system-out>
  </testcase> <!-- t2 -->
  <system-out>
    <![CDATA[Shobhith's Test1
Shobhith's Test2
Shobhith's Test3
Shobith's first test1
Shobith's second test2
Hello World..!]]>
  </system-out>
</testsuite> <!-- PracticeTestNGScripts.TestNGMultipleScripts -->
