<?xml version="1.0" encoding="UTF-8"?>
<!-- Generated by org.testng.reporters.JUnitReportReporter -->
<testsuite hostname="LAPTOP-QH8NFJ6B" failures="0" tests="1" name="HybridApproach.LoginFeature" time="3.527" errors="0" timestamp="2025-08-16T11:34:17 IST" skipped="0">
  <testcase classname="HybridApproach.LoginFeature" name="LoginFeature" time="3.527"/>
</testsuite> <!-- HybridApproach.LoginFeature -->
