<?xml version="1.0" encoding="UTF-8"?>
<!-- Generated by org.testng.reporters.JUnitReportReporter -->
<testsuite hostname="LAPTOP-QH8NFJ6B" failures="0" tests="2" name="HybridApproach.GroupsExcludeSignup" time="0.003" errors="0" timestamp="2025-08-09T13:23:56 IST" skipped="0">
  <testcase classname="HybridApproach.GroupsExcludeSignup" name="tc1" time="0.002"/>
  <testcase classname="HybridApproach.GroupsExcludeSignup" name="tc2" time="0.001"/>
</testsuite> <!-- HybridApproach.GroupsExcludeSignup -->
