<?xml version="1.0" encoding="UTF-8"?>
<!-- Generated by org.testng.reporters.JUnitReportReporter -->
<testsuite hostname="LAPTOP-QH8NFJ6B" failures="0" tests="5" name="PracticeTestNGScripts.ScriptForPriority" time="0.019" errors="0" timestamp="2025-08-03T10:39:26 IST" skipped="0">
  <testcase classname="PracticeTestNGScripts.ScriptForPriority" name="profilePage" time="0.001"/>
  <testcase classname="PracticeTestNGScripts.ScriptForPriority" name="login" time="0.006"/>
  <testcase classname="PracticeTestNGScripts.ScriptForPriority" name="homePage" time="0.010"/>
  <testcase classname="PracticeTestNGScripts.ScriptForPriority" name="logout" time="0.001"/>
  <testcase classname="PracticeTestNGScripts.ScriptForPriority" name="signUp" time="0.001"/>
</testsuite> <!-- PracticeTestNGScripts.ScriptForPriority -->
