<?xml version="1.0" encoding="UTF-8"?>
<!-- Generated by org.testng.reporters.JUnitReportReporter -->
<testsuite hostname="LAPTOP-QH8NFJ6B" failures="0" tests="1" name="PracticeTestNGScripts.ScriptForTestNG" time="0.003" errors="0" timestamp="2025-08-02T11:07:31 IST" skipped="0">
  <testcase classname="PracticeTestNGScripts.ScriptForTestNG" name="test1" time="0.003">
    <system-out>
      <![CDATA[Hello World..!]]>
    </system-out>
  </testcase> <!-- test1 -->
  <system-out>
    <![CDATA[Shobhith's Test1
Shobhith's Test2
Shobhith's Test3
Shobith's first test1
Shobith's second test2
Hello World..!]]>
  </system-out>
</testsuite> <!-- PracticeTestNGScripts.ScriptForTestNG -->
