<?xml version="1.0" encoding="UTF-8"?>
<!-- Generated by org.testng.reporters.JUnitReportReporter -->
<testsuite hostname="LAPTOP-QH8NFJ6B" failures="0" tests="2" name="HybridApproach.GroupsLogin" time="0.002" errors="0" timestamp="2025-08-09T13:13:38 IST" skipped="0">
  <testcase classname="HybridApproach.GroupsLogin" name="tc1" time="0.001"/>
  <testcase classname="HybridApproach.GroupsLogin" name="tc2" time="0.001"/>
</testsuite> <!-- HybridApproach.GroupsLogin -->
