<?xml version="1.0" encoding="UTF-8"?>
<!-- Generated by org.testng.reporters.JUnitReportReporter -->
<testsuite hostname="LAPTOP-QH8NFJ6B" failures="0" tests="10" name="PracticeTestNGScripts.ScriptForInvocationCount" time="0.023" errors="0" timestamp="2025-08-03T10:48:26 IST" skipped="0">
  <testcase classname="PracticeTestNGScripts.ScriptForInvocationCount" name="logout" time="0.002"/>
  <testcase classname="PracticeTestNGScripts.ScriptForInvocationCount" name="profilePage" time="0.001"/>
  <testcase classname="PracticeTestNGScripts.ScriptForInvocationCount" name="signUp" time="0.001"/>
  <testcase classname="PracticeTestNGScripts.ScriptForInvocationCount" name="homePage" time="0.001"/>
  <testcase classname="PracticeTestNGScripts.ScriptForInvocationCount" name="profilePage" time="0.001"/>
  <testcase classname="PracticeTestNGScripts.ScriptForInvocationCount" name="signUp" time="0.001"/>
  <testcase classname="PracticeTestNGScripts.ScriptForInvocationCount" name="homePage" time="0.012"/>
  <testcase classname="PracticeTestNGScripts.ScriptForInvocationCount" name="login" time="0.001"/>
  <testcase classname="PracticeTestNGScripts.ScriptForInvocationCount" name="logout" time="0.002"/>
  <testcase classname="PracticeTestNGScripts.ScriptForInvocationCount" name="logout" time="0.001"/>
</testsuite> <!-- PracticeTestNGScripts.ScriptForInvocationCount -->
