<?xml version="1.0" encoding="UTF-8"?>
<!-- Generated by org.testng.reporters.JUnitReportReporter -->
<testsuite hostname="LAPTOP-QH8NFJ6B" failures="0" tests="2" name="PracticeTestNGScripts.ScriptToOpenBrowserUsingTestNG" time="17.921" errors="0" timestamp="2025-08-02T11:49:03 IST" skipped="0">
  <testcase classname="PracticeTestNGScripts.ScriptToOpenBrowserUsingTestNG" name="openFacebookBrowser" time="5.939"/>
  <testcase classname="PracticeTestNGScripts.ScriptToOpenBrowserUsingTestNG" name="openGmailBrowser" time="11.982"/>
</testsuite> <!-- PracticeTestNGScripts.ScriptToOpenBrowserUsingTestNG -->
